<?xml version="1.0" encoding="UTF-8"?>
<testsuite name="RuleEngineTest" tests="5" skipped="0" failures="0" errors="0" timestamp="2020-04-14T12:49:05" hostname="Priyas-MacBook-Pro.local" time="0.002">
  <properties/>
  <testcase name="testIfPlayerOneCooperatePlayerTwoCheat" classname="RuleEngineTest" time="0.001"/>
  <testcase name="testIfPlayerOneCheatPlayerTwoCooperate" classname="RuleEngineTest" time="0.0"/>
  <testcase name="afterFourMovesOfEachPlayer" classname="RuleEngineTest" time="0.0"/>
  <testcase name="testIfBothPlayersCheat" classname="RuleEngineTest" time="0.0"/>
  <testcase name="testIfBothPlayersCooperate" classname="RuleEngineTest" time="0.0"/>
  <system-out><![CDATA[]]></system-out>
  <system-err><![CDATA[]]></system-err>
</testsuite>
